{
  "0 debug pnpm:scope": {
    "selected": 1
  },
  "1 error pnpm": {
    "errno": 1,
    "code": "ELIFECYCLE",
    "pkgid": "orm-curd@0.0.0",
    "stage": "dev",
    "script": "vite",
    "pkgname": "orm-curd",
    "err": {
      "name": "pnpm",
      "message": "orm-curd@0.0.0 dev: `vite`\nExit status 1",
      "code": "ELIFECYCLE",
      "stack": "pnpm: orm-curd@0.0.0 dev: `vite`\nExit status 1\n    at EventEmitter.<anonymous> (C:\\Users\\lzh\\AppData\\Roaming\\npm\\node_modules\\pnpm\\dist\\pnpm.cjs:106886:20)\n    at EventEmitter.emit (node:events:517:28)\n    at ChildProcess.<anonymous> (C:\\Users\\lzh\\AppData\\Roaming\\npm\\node_modules\\pnpm\\dist\\pnpm.cjs:93455:18)\n    at ChildProcess.emit (node:events:517:28)\n    at maybeClose (node:internal/child_process:1098:16)\n    at ChildProcess._handle.onexit (node:internal/child_process:303:5)"
    }
  },
  "2 warn pnpm:global": " Local package.json exists, but node_modules missing, did you mean to install?"
}